<assembly xmlns="http://maven.apache.org/plugins/maven-assembly-plugin/assembly/1.1.2"
  xmlns:xsi="http://www.w3.org/2001/XMLSchema-instance"
  xsi:schemaLocation="http://maven.apache.org/plugins/maven-assembly-plugin/assembly/1.1.2
  http://maven.apache.org/xsd/assembly-1.1.2.xsd">
  <id>tests</id>
  <formats>
    <format>jar</format>
  </formats>
  <fileSets>
    <fileSet>
      <directory>${project.build.directory}/test-classes</directory>
      <outputDirectory>/</outputDirectory>
    </fileSet>
    <fileSet>
      <directory>${project.build.outputDirectory}</directory>
      <outputDirectory>/</outputDirectory>
    </fileSet>
  </fileSets>
  <includeBaseDirectory>false</includeBaseDirectory>
  <dependencySets>
    <dependencySet>
      <outputDirectory>/</outputDirectory>
      <useProjectArtifact>true</useProjectArtifact>
      <unpack>true</unpack>
      <scope>test</scope>
    </dependencySet>
  </dependencySets>
</assembly>
